# JRE version: OpenJDK Runtime Environment (8.0_202-b03) (build 1.8.0_202-release-1483-b03)
# Java VM: OpenJDK 64-Bit Server VM (25.202-b03 mixed mode windows-amd64 compressed oops)
Heap:
 PSYoungGen      total 481280K, used 261398K [0x00000000e0000000, 0x00000000ffc80000, 0x0000000100000000)
  eden space 444928K, 56% used [0x00000000e0000000,0x00000000ef4956b0,0x00000000fb280000)
  from space 36352K, 30% used [0x00000000fd900000,0x00000000fe3b0498,0x00000000ffc80000)
  to   space 37888K, 0% used [0x00000000fb280000,0x00000000fb280000,0x00000000fd780000)
 ParOldGen       total 194048K, used 139399K [0x00000000a0000000, 0x00000000abd80000, 0x00000000e0000000)
  object space 194048K, 71% used [0x00000000a0000000,0x00000000a8821fe0,0x00000000abd80000)
 Metaspace       used 96238K, capacity 102038K, committed 102360K, reserved 1138688K
  class space    used 11970K, capacity 12960K, committed 13056K, reserved 1048576K
GC Heap History (10 events):
Event: 20826.239 GC heap before
{Heap before GC invocations=94 (full 6):
 PSYoungGen      total 489472K, used 489469K [0x00000000e0000000, 0x0000000100000000, 0x0000000100000000)
  eden space 459776K, 100% used [0x00000000e0000000,0x00000000fc100000,0x00000000fc100000)
  from space 29696K, 99% used [0x00000000fc100000,0x00000000fddff5b0,0x00000000fde00000)
  to   space 34816K, 0% used [0x00000000fde00000,0x00000000fde00000,0x0000000100000000)
 ParOldGen       total 194048K, used 121759K [0x00000000a0000000, 0x00000000abd80000, 0x00000000e0000000)
  object space 194048K, 62% used [0x00000000a0000000,0x00000000a76e7e18,0x00000000abd80000)
 Metaspace       used 96011K, capacity 101846K, committed 102104K, reserved 1138688K
  class space    used 11968K, capacity 12960K, committed 13056K, reserved 1048576K
Event: 20833.155 GC heap after
Heap after GC invocations=94 (full 6):
 PSYoungGen      total 474112K, used 29040K [0x00000000e0000000, 0x0000000100000000, 0x0000000100000000)
  eden space 439296K, 0% used [0x00000000e0000000,0x00000000e0000000,0x00000000fad00000)
  from space 34816K, 83% used [0x00000000fde00000,0x00000000ffa5c010,0x0000000100000000)
  to   space 42496K, 0% used [0x00000000fad00000,0x00000000fad00000,0x00000000fd680000)
 ParOldGen       total 194048K, used 132556K [0x00000000a0000000, 0x00000000abd80000, 0x00000000e0000000)
  object space 194048K, 68% used [0x00000000a0000000,0x00000000a8173170,0x00000000abd80000)
 Metaspace       used 96011K, capacity 101846K, committed 102104K, reserved 1138688K
  class space    used 11968K, capacity 12960K, committed 13056K, reserved 1048576K
}
Event: 21060.937 GC heap before
{Heap before GC invocations=95 (full 6):
 PSYoungGen      total 474112K, used 468336K [0x00000000e0000000, 0x0000000100000000, 0x0000000100000000)
  eden space 439296K, 100% used [0x00000000e0000000,0x00000000fad00000,0x00000000fad00000)
  from space 34816K, 83% used [0x00000000fde00000,0x00000000ffa5c010,0x0000000100000000)
  to   space 42496K, 0% used [0x00000000fad00000,0x00000000fad00000,0x00000000fd680000)
 ParOldGen       total 194048K, used 132556K [0x00000000a0000000, 0x00000000abd80000, 0x00000000e0000000)
  object space 194048K, 68% used [0x00000000a0000000,0x00000000a8173170,0x00000000abd80000)
 Metaspace       used 96080K, capacity 101910K, committed 102104K, reserved 1138688K
  class space    used 11968K, capacity 12960K, committed 13056K, reserved 1048576K
Event: 21064.139 GC heap after
Heap after GC invocations=95 (full 6):
 PSYoungGen      total 481792K, used 11408K [0x00000000e0000000, 0x0000000100000000, 0x0000000100000000)
  eden space 439296K, 0% used [0x00000000e0000000,0x00000000e0000000,0x00000000fad00000)
  from space 42496K, 26% used [0x00000000fad00000,0x00000000fb824050,0x00000000fd680000)
  to   space 41472K, 0% used [0x00000000fd780000,0x00000000fd780000,0x0000000100000000)
 ParOldGen       total 194048K, used 138764K [0x00000000a0000000, 0x00000000abd80000, 0x00000000e0000000)
  object space 194048K, 71% used [0x00000000a0000000,0x00000000a8783390,0x00000000abd80000)
 Metaspace       used 96080K, capacity 101910K, committed 102104K, reserved 1138688K
  class space    used 11968K, capacity 12960K, committed 13056K, reserved 1048576K
}
Event: 21342.661 GC heap before
{Heap before GC invocations=96 (full 6):
 PSYoungGen      total 481792K, used 450704K [0x00000000e0000000, 0x0000000100000000, 0x0000000100000000)
  eden space 439296K, 100% used [0x00000000e0000000,0x00000000fad00000,0x00000000fad00000)
  from space 42496K, 26% used [0x00000000fad00000,0x00000000fb824050,0x00000000fd680000)
  to   space 41472K, 0% used [0x00000000fd780000,0x00000000fd780000,0x0000000100000000)
 ParOldGen       total 194048K, used 138764K [0x00000000a0000000, 0x00000000abd80000, 0x00000000e0000000)
  object space 194048K, 71% used [0x00000000a0000000,0x00000000a8783390,0x00000000abd80000)
 Metaspace       used 96128K, capacity 101974K, committed 102104K, reserved 1138688K
  class space    used 11968K, capacity 12960K, committed 13056K, reserved 1048576K
Event: 21349.161 GC heap after
Heap after GC invocations=96 (full 6):
 PSYoungGen      total 478720K, used 10705K [0x00000000e0000000, 0x00000000ffd00000, 0x0000000100000000)
  eden space 440320K, 0% used [0x00000000e0000000,0x00000000e0000000,0x00000000fae00000)
  from space 38400K, 27% used [0x00000000fd780000,0x00000000fe1f4488,0x00000000ffd00000)
  to   space 40448K, 0% used [0x00000000fae00000,0x00000000fae00000,0x00000000fd580000)
 ParOldGen       total 194048K, used 139183K [0x00000000a0000000, 0x00000000abd80000, 0x00000000e0000000)
  object space 194048K, 71% used [0x00000000a0000000,0x00000000a87ebfe0,0x00000000abd80000)
 Metaspace       used 96128K, capacity 101974K, committed 102104K, reserved 1138688K
  class space    used 11968K, capacity 12960K, committed 13056K, reserved 1048576K
}
Event: 21980.826 GC heap before
{Heap before GC invocations=97 (full 6):
 PSYoungGen      total 478720K, used 451025K [0x00000000e0000000, 0x00000000ffd00000, 0x0000000100000000)
  eden space 440320K, 100% used [0x00000000e0000000,0x00000000fae00000,0x00000000fae00000)
  from space 38400K, 27% used [0x00000000fd780000,0x00000000fe1f4488,0x00000000ffd00000)
  to   space 40448K, 0% used [0x00000000fae00000,0x00000000fae00000,0x00000000fd580000)
 ParOldGen       total 194048K, used 139183K [0x00000000a0000000, 0x00000000abd80000, 0x00000000e0000000)
  object space 194048K, 71% used [0x00000000a0000000,0x00000000a87ebfe0,0x00000000abd80000)
 Metaspace       used 96172K, capacity 102038K, committed 102360K, reserved 1138688K
  class space    used 11969K, capacity 12960K, committed 13056K, reserved 1048576K
Event: 21984.080 GC heap after
Heap after GC invocations=97 (full 6):
 PSYoungGen      total 480768K, used 11121K [0x00000000e0000000, 0x00000000fff00000, 0x0000000100000000)
  eden space 440320K, 0% used [0x00000000e0000000,0x00000000e0000000,0x00000000fae00000)
  from space 40448K, 27% used [0x00000000fae00000,0x00000000fb8dc4a8,0x00000000fd580000)
  to   space 38912K, 0% used [0x00000000fd900000,0x00000000fd900000,0x00000000fff00000)
 ParOldGen       total 194048K, used 139271K [0x00000000a0000000, 0x00000000abd80000, 0x00000000e0000000)
  object space 194048K, 71% used [0x00000000a0000000,0x00000000a8801fe0,0x00000000abd80000)
 Metaspace       used 96172K, capacity 102038K, committed 102360K, reserved 1138688K
  class space    used 11969K, capacity 12960K, committed 13056K, reserved 1048576K
}
Event: 23524.348 GC heap before
{Heap before GC invocations=98 (full 6):
 PSYoungGen      total 480768K, used 451441K [0x00000000e0000000, 0x00000000fff00000, 0x0000000100000000)
  eden space 440320K, 100% used [0x00000000e0000000,0x00000000fae00000,0x00000000fae00000)
  from space 40448K, 27% used [0x00000000fae00000,0x00000000fb8dc4a8,0x00000000fd580000)
  to   space 38912K, 0% used [0x00000000fd900000,0x00000000fd900000,0x00000000fff00000)
 ParOldGen       total 194048K, used 139271K [0x00000000a0000000, 0x00000000abd80000, 0x00000000e0000000)
  object space 194048K, 71% used [0x00000000a0000000,0x00000000a8801fe0,0x00000000abd80000)
 Metaspace       used 96227K, capacity 102038K, committed 102360K, reserved 1138688K
  class space    used 11969K, capacity 12960K, committed 13056K, reserved 1048576K
Event: 23533.104 GC heap after
Heap after GC invocations=98 (full 6):
 PSYoungGen      total 481280K, used 10945K [0x00000000e0000000, 0x00000000ffc80000, 0x0000000100000000)
  eden space 444928K, 0% used [0x00000000e0000000,0x00000000e0000000,0x00000000fb280000)
  from space 36352K, 30% used [0x00000000fd900000,0x00000000fe3b0498,0x00000000ffc80000)
  to   space 37888K, 0% used [0x00000000fb280000,0x00000000fb280000,0x00000000fd780000)
 ParOldGen       total 194048K, used 139399K [0x00000000a0000000, 0x00000000abd80000, 0x00000000e0000000)
  object space 194048K, 71% used [0x00000000a0000000,0x00000000a8821fe0,0x00000000abd80000)
 Metaspace       used 96227K, capacity 102038K, committed 102360K, reserved 1138688K
  class space    used 11969K, capacity 12960K, committed 13056K, reserved 1048576K
}

